This file contains any messages produced by compilers while
running configure, to aid debugging if configure makes a mistake.

It was created by filescanner configure 0.1, which was
generated by GNU Autoconf 2.69.  Invocation command line was

  $ ./configure 

## --------- ##
## Platform. ##
## --------- ##

hostname = centos5
uname -m = x86_64
uname -r = 2.6.18-274.el5
uname -s = Linux
uname -v = #1 SMP Fri Jul 22 04:43:29 EDT 2011

/usr/bin/uname -p = unknown
/bin/uname -X     = unknown

/bin/arch              = x86_64
/usr/bin/arch -k       = unknown
/usr/convex/getsysinfo = unknown
/usr/bin/hostinfo      = unknown
/bin/machine           = unknown
/usr/bin/oslevel       = unknown
/bin/universe          = unknown

PATH: /usr/kerberos/sbin
PATH: /usr/kerberos/bin
PATH: /usr/local/sbin
PATH: /usr/local/bin
PATH: /sbin
PATH: /bin
PATH: /usr/sbin
PATH: /usr/bin
PATH: /root/bin
PATH: /usr/sbin
PATH: /usr/kerberos/sbin
PATH: /usr/kerberos/bin
PATH: /usr/local/bin
PATH: /bin
PATH: /usr/bin


## ----------- ##
## Core tests. ##
## ----------- ##

configure:2241: checking for a BSD-compatible install
configure:2309: result: /usr/bin/install -c
configure:2320: checking whether build environment is sane
configure:2357: result: yes
configure:2419: checking for gawk
configure:2435: found /bin/gawk
configure:2446: result: gawk
configure:2457: checking whether make sets $(MAKE)
configure:2479: result: yes
configure:2729: checking for g++
configure:2745: found /usr/bin/g++
configure:2756: result: g++
configure:2783: checking for C++ compiler version
configure:2792: g++ --version >&5
g++ (GCC) 4.1.2 20080704 (Red Hat 4.1.2-52)
Copyright (C) 2006 Free Software Foundation, Inc.
This is free software; see the source for copying conditions.  There is NO
warranty; not even for MERCHANTABILITY or FITNESS FOR A PARTICULAR PURPOSE.

configure:2803: $? = 0
configure:2792: g++ -v >&5
Using built-in specs.
Target: x86_64-redhat-linux
Configured with: ../configure --prefix=/usr --mandir=/usr/share/man --infodir=/usr/share/info --enable-shared --enable-threads=posix --enable-checking=release --with-system-zlib --enable-__cxa_atexit --disable-libunwind-exceptions --enable-libgcj-multifile --enable-languages=c,c++,objc,obj-c++,java,fortran,ada --enable-java-awt=gtk --disable-dssi --disable-plugin --with-java-home=/usr/lib/jvm/java-1.4.2-gcj-1.4.2.0/jre --with-cpu=generic --host=x86_64-redhat-linux
Thread model: posix
gcc version 4.1.2 20080704 (Red Hat 4.1.2-52)
configure:2803: $? = 0
configure:2792: g++ -V >&5
g++: '-V' option must have argument
configure:2803: $? = 1
configure:2792: g++ -qversion >&5
g++: unrecognized option '-qversion'
g++: no input files
configure:2803: $? = 1
configure:2823: checking whether the C++ compiler works
configure:2845: g++    conftest.cpp  >&5
configure:2849: $? = 0
configure:2897: result: yes
configure:2900: checking for C++ compiler default output file name
configure:2902: result: a.out
configure:2908: checking for suffix of executables
configure:2915: g++ -o conftest    conftest.cpp  >&5
configure:2919: $? = 0
configure:2941: result: 
configure:2963: checking whether we are cross compiling
configure:2971: g++ -o conftest    conftest.cpp  >&5
configure:2975: $? = 0
configure:2982: ./conftest
configure:2986: $? = 0
configure:3001: result: no
configure:3006: checking for suffix of object files
configure:3028: g++ -c   conftest.cpp >&5
configure:3032: $? = 0
configure:3053: result: o
configure:3057: checking whether we are using the GNU C++ compiler
configure:3076: g++ -c   conftest.cpp >&5
configure:3076: $? = 0
configure:3085: result: yes
configure:3094: checking whether g++ accepts -g
configure:3114: g++ -c -g  conftest.cpp >&5
configure:3114: $? = 0
configure:3155: result: yes
configure:3189: checking for style of include used by make
configure:3217: result: GNU
configure:3245: checking dependency style of g++
configure:3335: result: gcc3
configure:3357: checking for gawk
configure:3384: result: gawk
configure:3396: checking for a thread-safe mkdir -p
configure:3435: result: /bin/mkdir -p
configure:3442: checking for main in -lssl
configure:3461: g++ -o conftest -g -O2   conftest.cpp -lssl   >&5
configure:3461: $? = 0
configure:3470: result: yes
configure:3481: checking for main in -lmagic
configure:3500: g++ -o conftest -g -O2   conftest.cpp -lmagic  -lssl  >&5
configure:3500: $? = 0
configure:3509: result: yes
configure:4018: checking for ANSI C header files
configure:4038: g++ -c -g -O2  conftest.cpp >&5
configure:4038: $? = 0
./configure: line 4052: ./conftest.cpp: Permission denied
configure:4122: result: no
configure:4132: checking stdlib.h usability
configure:4132: g++ -c -g -O2  conftest.cpp >&5
configure:4132: $? = 0
configure:4132: result: yes
configure:4132: checking stdlib.h presence
configure:4132:   conftest.cpp
./configure: line 1536: ./conftest.cpp: Permission denied
configure:4132: $? = 126
configure: failed program was:
| /* confdefs.h */
| #define PACKAGE_NAME "filescanner"
| #define PACKAGE_TARNAME "filescanner"
| #define PACKAGE_VERSION "0.1"
| #define PACKAGE_STRING "filescanner 0.1"
| #define PACKAGE_BUGREPORT "jesse.wiley@viacom.com"
| #define PACKAGE_URL ""
| #define PACKAGE "filescanner"
| #define VERSION "0.1"
| #define HAVE_LIBSSL 1
| #define HAVE_LIBMAGIC 1
| /* end confdefs.h.  */
| #include <stdlib.h>
configure:4132: result: no
configure:4132: WARNING: stdlib.h: accepted by the compiler, rejected by the preprocessor!
configure:4132: WARNING: stdlib.h: proceeding with the compiler's result
configure:4132: checking for stdlib.h
configure:4132: result: yes
configure:4144: checking string usability
configure:4144: g++ -c -g -O2  conftest.cpp >&5
configure:4144: $? = 0
configure:4144: result: yes
configure:4144: checking string presence
configure:4144:   conftest.cpp
./configure: line 1536: ./conftest.cpp: Permission denied
configure:4144: $? = 126
configure: failed program was:
| /* confdefs.h */
| #define PACKAGE_NAME "filescanner"
| #define PACKAGE_TARNAME "filescanner"
| #define PACKAGE_VERSION "0.1"
| #define PACKAGE_STRING "filescanner 0.1"
| #define PACKAGE_BUGREPORT "jesse.wiley@viacom.com"
| #define PACKAGE_URL ""
| #define PACKAGE "filescanner"
| #define VERSION "0.1"
| #define HAVE_LIBSSL 1
| #define HAVE_LIBMAGIC 1
| #define HAVE_STDLIB_H 1
| /* end confdefs.h.  */
| #include <string>
configure:4144: result: no
configure:4144: WARNING: string: accepted by the compiler, rejected by the preprocessor!
configure:4144: WARNING: string: proceeding with the compiler's result
configure:4144: checking for string
configure:4144: result: yes
configure:4156: checking iostream usability
configure:4156: g++ -c -g -O2  conftest.cpp >&5
configure:4156: $? = 0
configure:4156: result: yes
configure:4156: checking iostream presence
configure:4156:   conftest.cpp
./configure: line 1536: ./conftest.cpp: Permission denied
configure:4156: $? = 126
configure: failed program was:
| /* confdefs.h */
| #define PACKAGE_NAME "filescanner"
| #define PACKAGE_TARNAME "filescanner"
| #define PACKAGE_VERSION "0.1"
| #define PACKAGE_STRING "filescanner 0.1"
| #define PACKAGE_BUGREPORT "jesse.wiley@viacom.com"
| #define PACKAGE_URL ""
| #define PACKAGE "filescanner"
| #define VERSION "0.1"
| #define HAVE_LIBSSL 1
| #define HAVE_LIBMAGIC 1
| #define HAVE_STDLIB_H 1
| #define HAVE_STRING 1
| /* end confdefs.h.  */
| #include <iostream>
configure:4156: result: no
configure:4156: WARNING: iostream: accepted by the compiler, rejected by the preprocessor!
configure:4156: WARNING: iostream: proceeding with the compiler's result
configure:4156: checking for iostream
configure:4156: result: yes
configure:4168: checking magic.h usability
configure:4168: g++ -c -g -O2  conftest.cpp >&5
configure:4168: $? = 0
configure:4168: result: yes
configure:4168: checking magic.h presence
configure:4168:   conftest.cpp
./configure: line 1536: ./conftest.cpp: Permission denied
configure:4168: $? = 126
configure: failed program was:
| /* confdefs.h */
| #define PACKAGE_NAME "filescanner"
| #define PACKAGE_TARNAME "filescanner"
| #define PACKAGE_VERSION "0.1"
| #define PACKAGE_STRING "filescanner 0.1"
| #define PACKAGE_BUGREPORT "jesse.wiley@viacom.com"
| #define PACKAGE_URL ""
| #define PACKAGE "filescanner"
| #define VERSION "0.1"
| #define HAVE_LIBSSL 1
| #define HAVE_LIBMAGIC 1
| #define HAVE_STDLIB_H 1
| #define HAVE_STRING 1
| #define HAVE_IOSTREAM 1
| /* end confdefs.h.  */
| #include <magic.h>
configure:4168: result: no
configure:4168: WARNING: magic.h: accepted by the compiler, rejected by the preprocessor!
configure:4168: WARNING: magic.h: proceeding with the compiler's result
configure:4168: checking for magic.h
configure:4168: result: yes
configure:4180: checking openssl/sha.h usability
configure:4180: g++ -c -g -O2  conftest.cpp >&5
configure:4180: $? = 0
configure:4180: result: yes
configure:4180: checking openssl/sha.h presence
configure:4180:   conftest.cpp
./configure: line 1536: ./conftest.cpp: Permission denied
configure:4180: $? = 126
configure: failed program was:
| /* confdefs.h */
| #define PACKAGE_NAME "filescanner"
| #define PACKAGE_TARNAME "filescanner"
| #define PACKAGE_VERSION "0.1"
| #define PACKAGE_STRING "filescanner 0.1"
| #define PACKAGE_BUGREPORT "jesse.wiley@viacom.com"
| #define PACKAGE_URL ""
| #define PACKAGE "filescanner"
| #define VERSION "0.1"
| #define HAVE_LIBSSL 1
| #define HAVE_LIBMAGIC 1
| #define HAVE_STDLIB_H 1
| #define HAVE_STRING 1
| #define HAVE_IOSTREAM 1
| #define HAVE_MAGIC_H 1
| /* end confdefs.h.  */
| #include <openssl/sha.h>
configure:4180: result: no
configure:4180: WARNING: openssl/sha.h: accepted by the compiler, rejected by the preprocessor!
configure:4180: WARNING: openssl/sha.h: proceeding with the compiler's result
configure:4180: checking for openssl/sha.h
configure:4180: result: yes
configure:4192: checking unistd.h usability
configure:4192: g++ -c -g -O2  conftest.cpp >&5
configure:4192: $? = 0
configure:4192: result: yes
configure:4192: checking unistd.h presence
configure:4192:   conftest.cpp
./configure: line 1536: ./conftest.cpp: Permission denied
configure:4192: $? = 126
configure: failed program was:
| /* confdefs.h */
| #define PACKAGE_NAME "filescanner"
| #define PACKAGE_TARNAME "filescanner"
| #define PACKAGE_VERSION "0.1"
| #define PACKAGE_STRING "filescanner 0.1"
| #define PACKAGE_BUGREPORT "jesse.wiley@viacom.com"
| #define PACKAGE_URL ""
| #define PACKAGE "filescanner"
| #define VERSION "0.1"
| #define HAVE_LIBSSL 1
| #define HAVE_LIBMAGIC 1
| #define HAVE_STDLIB_H 1
| #define HAVE_STRING 1
| #define HAVE_IOSTREAM 1
| #define HAVE_MAGIC_H 1
| #define HAVE_OPENSSL_SHA_H 1
| /* end confdefs.h.  */
| #include <unistd.h>
configure:4192: result: no
configure:4192: WARNING: unistd.h: accepted by the compiler, rejected by the preprocessor!
configure:4192: WARNING: unistd.h: proceeding with the compiler's result
configure:4192: checking for unistd.h
configure:4192: result: yes
configure:4204: checking string.h usability
configure:4204: g++ -c -g -O2  conftest.cpp >&5
configure:4204: $? = 0
configure:4204: result: yes
configure:4204: checking string.h presence
configure:4204:   conftest.cpp
./configure: line 1536: ./conftest.cpp: Permission denied
configure:4204: $? = 126
configure: failed program was:
| /* confdefs.h */
| #define PACKAGE_NAME "filescanner"
| #define PACKAGE_TARNAME "filescanner"
| #define PACKAGE_VERSION "0.1"
| #define PACKAGE_STRING "filescanner 0.1"
| #define PACKAGE_BUGREPORT "jesse.wiley@viacom.com"
| #define PACKAGE_URL ""
| #define PACKAGE "filescanner"
| #define VERSION "0.1"
| #define HAVE_LIBSSL 1
| #define HAVE_LIBMAGIC 1
| #define HAVE_STDLIB_H 1
| #define HAVE_STRING 1
| #define HAVE_IOSTREAM 1
| #define HAVE_MAGIC_H 1
| #define HAVE_OPENSSL_SHA_H 1
| #define HAVE_UNISTD_H 1
| /* end confdefs.h.  */
| #include <string.h>
configure:4204: result: no
configure:4204: WARNING: string.h: accepted by the compiler, rejected by the preprocessor!
configure:4204: WARNING: string.h: proceeding with the compiler's result
configure:4204: checking for string.h
configure:4204: result: yes
configure:4216: checking arpa/inet.h usability
configure:4216: g++ -c -g -O2  conftest.cpp >&5
configure:4216: $? = 0
configure:4216: result: yes
configure:4216: checking arpa/inet.h presence
configure:4216:   conftest.cpp
./configure: line 1536: ./conftest.cpp: Permission denied
configure:4216: $? = 126
configure: failed program was:
| /* confdefs.h */
| #define PACKAGE_NAME "filescanner"
| #define PACKAGE_TARNAME "filescanner"
| #define PACKAGE_VERSION "0.1"
| #define PACKAGE_STRING "filescanner 0.1"
| #define PACKAGE_BUGREPORT "jesse.wiley@viacom.com"
| #define PACKAGE_URL ""
| #define PACKAGE "filescanner"
| #define VERSION "0.1"
| #define HAVE_LIBSSL 1
| #define HAVE_LIBMAGIC 1
| #define HAVE_STDLIB_H 1
| #define HAVE_STRING 1
| #define HAVE_IOSTREAM 1
| #define HAVE_MAGIC_H 1
| #define HAVE_OPENSSL_SHA_H 1
| #define HAVE_UNISTD_H 1
| #define HAVE_STRING_H 1
| /* end confdefs.h.  */
| #include <arpa/inet.h>
configure:4216: result: no
configure:4216: WARNING: arpa/inet.h: accepted by the compiler, rejected by the preprocessor!
configure:4216: WARNING: arpa/inet.h: proceeding with the compiler's result
configure:4216: checking for arpa/inet.h
configure:4216: result: yes
configure:4228: checking fcntl.h usability
configure:4228: g++ -c -g -O2  conftest.cpp >&5
configure:4228: $? = 0
configure:4228: result: yes
configure:4228: checking fcntl.h presence
configure:4228:   conftest.cpp
./configure: line 1536: ./conftest.cpp: Permission denied
configure:4228: $? = 126
configure: failed program was:
| /* confdefs.h */
| #define PACKAGE_NAME "filescanner"
| #define PACKAGE_TARNAME "filescanner"
| #define PACKAGE_VERSION "0.1"
| #define PACKAGE_STRING "filescanner 0.1"
| #define PACKAGE_BUGREPORT "jesse.wiley@viacom.com"
| #define PACKAGE_URL ""
| #define PACKAGE "filescanner"
| #define VERSION "0.1"
| #define HAVE_LIBSSL 1
| #define HAVE_LIBMAGIC 1
| #define HAVE_STDLIB_H 1
| #define HAVE_STRING 1
| #define HAVE_IOSTREAM 1
| #define HAVE_MAGIC_H 1
| #define HAVE_OPENSSL_SHA_H 1
| #define HAVE_UNISTD_H 1
| #define HAVE_STRING_H 1
| #define HAVE_ARPA_INET_H 1
| /* end confdefs.h.  */
| #include <fcntl.h>
configure:4228: result: no
configure:4228: WARNING: fcntl.h: accepted by the compiler, rejected by the preprocessor!
configure:4228: WARNING: fcntl.h: proceeding with the compiler's result
configure:4228: checking for fcntl.h
configure:4228: result: yes
configure:4240: checking netdb.h usability
configure:4240: g++ -c -g -O2  conftest.cpp >&5
configure:4240: $? = 0
configure:4240: result: yes
configure:4240: checking netdb.h presence
configure:4240:   conftest.cpp
./configure: line 1536: ./conftest.cpp: Permission denied
configure:4240: $? = 126
configure: failed program was:
| /* confdefs.h */
| #define PACKAGE_NAME "filescanner"
| #define PACKAGE_TARNAME "filescanner"
| #define PACKAGE_VERSION "0.1"
| #define PACKAGE_STRING "filescanner 0.1"
| #define PACKAGE_BUGREPORT "jesse.wiley@viacom.com"
| #define PACKAGE_URL ""
| #define PACKAGE "filescanner"
| #define VERSION "0.1"
| #define HAVE_LIBSSL 1
| #define HAVE_LIBMAGIC 1
| #define HAVE_STDLIB_H 1
| #define HAVE_STRING 1
| #define HAVE_IOSTREAM 1
| #define HAVE_MAGIC_H 1
| #define HAVE_OPENSSL_SHA_H 1
| #define HAVE_UNISTD_H 1
| #define HAVE_STRING_H 1
| #define HAVE_ARPA_INET_H 1
| #define HAVE_FCNTL_H 1
| /* end confdefs.h.  */
| #include <netdb.h>
configure:4240: result: no
configure:4240: WARNING: netdb.h: accepted by the compiler, rejected by the preprocessor!
configure:4240: WARNING: netdb.h: proceeding with the compiler's result
configure:4240: checking for netdb.h
configure:4240: result: yes
configure:4252: checking regex.h usability
configure:4252: g++ -c -g -O2  conftest.cpp >&5
configure:4252: $? = 0
configure:4252: result: yes
configure:4252: checking regex.h presence
configure:4252:   conftest.cpp
./configure: line 1536: ./conftest.cpp: Permission denied
configure:4252: $? = 126
configure: failed program was:
| /* confdefs.h */
| #define PACKAGE_NAME "filescanner"
| #define PACKAGE_TARNAME "filescanner"
| #define PACKAGE_VERSION "0.1"
| #define PACKAGE_STRING "filescanner 0.1"
| #define PACKAGE_BUGREPORT "jesse.wiley@viacom.com"
| #define PACKAGE_URL ""
| #define PACKAGE "filescanner"
| #define VERSION "0.1"
| #define HAVE_LIBSSL 1
| #define HAVE_LIBMAGIC 1
| #define HAVE_STDLIB_H 1
| #define HAVE_STRING 1
| #define HAVE_IOSTREAM 1
| #define HAVE_MAGIC_H 1
| #define HAVE_OPENSSL_SHA_H 1
| #define HAVE_UNISTD_H 1
| #define HAVE_STRING_H 1
| #define HAVE_ARPA_INET_H 1
| #define HAVE_FCNTL_H 1
| #define HAVE_NETDB_H 1
| /* end confdefs.h.  */
| #include <regex.h>
configure:4252: result: no
configure:4252: WARNING: regex.h: accepted by the compiler, rejected by the preprocessor!
configure:4252: WARNING: regex.h: proceeding with the compiler's result
configure:4252: checking for regex.h
configure:4252: result: yes
configure:4264: checking netinet/in.h usability
configure:4264: g++ -c -g -O2  conftest.cpp >&5
configure:4264: $? = 0
configure:4264: result: yes
configure:4264: checking netinet/in.h presence
configure:4264:   conftest.cpp
./configure: line 1536: ./conftest.cpp: Permission denied
configure:4264: $? = 126
configure: failed program was:
| /* confdefs.h */
| #define PACKAGE_NAME "filescanner"
| #define PACKAGE_TARNAME "filescanner"
| #define PACKAGE_VERSION "0.1"
| #define PACKAGE_STRING "filescanner 0.1"
| #define PACKAGE_BUGREPORT "jesse.wiley@viacom.com"
| #define PACKAGE_URL ""
| #define PACKAGE "filescanner"
| #define VERSION "0.1"
| #define HAVE_LIBSSL 1
| #define HAVE_LIBMAGIC 1
| #define HAVE_STDLIB_H 1
| #define HAVE_STRING 1
| #define HAVE_IOSTREAM 1
| #define HAVE_MAGIC_H 1
| #define HAVE_OPENSSL_SHA_H 1
| #define HAVE_UNISTD_H 1
| #define HAVE_STRING_H 1
| #define HAVE_ARPA_INET_H 1
| #define HAVE_FCNTL_H 1
| #define HAVE_NETDB_H 1
| #define HAVE_REGEX_H 1
| /* end confdefs.h.  */
| #include <netinet/in.h>
configure:4264: result: no
configure:4264: WARNING: netinet/in.h: accepted by the compiler, rejected by the preprocessor!
configure:4264: WARNING: netinet/in.h: proceeding with the compiler's result
configure:4264: checking for netinet/in.h
configure:4264: result: yes
configure:4276: checking sys/mount.h usability
configure:4276: g++ -c -g -O2  conftest.cpp >&5
configure:4276: $? = 0
configure:4276: result: yes
configure:4276: checking sys/mount.h presence
configure:4276:   conftest.cpp
./configure: line 1536: ./conftest.cpp: Permission denied
configure:4276: $? = 126
configure: failed program was:
| /* confdefs.h */
| #define PACKAGE_NAME "filescanner"
| #define PACKAGE_TARNAME "filescanner"
| #define PACKAGE_VERSION "0.1"
| #define PACKAGE_STRING "filescanner 0.1"
| #define PACKAGE_BUGREPORT "jesse.wiley@viacom.com"
| #define PACKAGE_URL ""
| #define PACKAGE "filescanner"
| #define VERSION "0.1"
| #define HAVE_LIBSSL 1
| #define HAVE_LIBMAGIC 1
| #define HAVE_STDLIB_H 1
| #define HAVE_STRING 1
| #define HAVE_IOSTREAM 1
| #define HAVE_MAGIC_H 1
| #define HAVE_OPENSSL_SHA_H 1
| #define HAVE_UNISTD_H 1
| #define HAVE_STRING_H 1
| #define HAVE_ARPA_INET_H 1
| #define HAVE_FCNTL_H 1
| #define HAVE_NETDB_H 1
| #define HAVE_REGEX_H 1
| #define HAVE_NETINET_IN_H 1
| /* end confdefs.h.  */
| #include <sys/mount.h>
configure:4276: result: no
configure:4276: WARNING: sys/mount.h: accepted by the compiler, rejected by the preprocessor!
configure:4276: WARNING: sys/mount.h: proceeding with the compiler's result
configure:4276: checking for sys/mount.h
configure:4276: result: yes
configure:4288: checking sys/socket.h usability
configure:4288: g++ -c -g -O2  conftest.cpp >&5
configure:4288: $? = 0
configure:4288: result: yes
configure:4288: checking sys/socket.h presence
configure:4288:   conftest.cpp
./configure: line 1536: ./conftest.cpp: Permission denied
configure:4288: $? = 126
configure: failed program was:
| /* confdefs.h */
| #define PACKAGE_NAME "filescanner"
| #define PACKAGE_TARNAME "filescanner"
| #define PACKAGE_VERSION "0.1"
| #define PACKAGE_STRING "filescanner 0.1"
| #define PACKAGE_BUGREPORT "jesse.wiley@viacom.com"
| #define PACKAGE_URL ""
| #define PACKAGE "filescanner"
| #define VERSION "0.1"
| #define HAVE_LIBSSL 1
| #define HAVE_LIBMAGIC 1
| #define HAVE_STDLIB_H 1
| #define HAVE_STRING 1
| #define HAVE_IOSTREAM 1
| #define HAVE_MAGIC_H 1
| #define HAVE_OPENSSL_SHA_H 1
| #define HAVE_UNISTD_H 1
| #define HAVE_STRING_H 1
| #define HAVE_ARPA_INET_H 1
| #define HAVE_FCNTL_H 1
| #define HAVE_NETDB_H 1
| #define HAVE_REGEX_H 1
| #define HAVE_NETINET_IN_H 1
| #define HAVE_SYS_MOUNT_H 1
| /* end confdefs.h.  */
| #include <sys/socket.h>
configure:4288: result: no
configure:4288: WARNING: sys/socket.h: accepted by the compiler, rejected by the preprocessor!
configure:4288: WARNING: sys/socket.h: proceeding with the compiler's result
configure:4288: checking for sys/socket.h
configure:4288: result: yes
configure:4300: checking for stdbool.h that conforms to C99
configure:4367: g++ -c -g -O2  conftest.cpp >&5
configure:4367: $? = 0
configure:4374: result: yes
configure:4376: checking for _Bool
configure:4376: g++ -c -g -O2  conftest.cpp >&5
conftest.cpp: In function 'int main()':
conftest.cpp:63: error: '_Bool' was not declared in this scope
configure:4376: $? = 1
configure: failed program was:
| /* confdefs.h */
| #define PACKAGE_NAME "filescanner"
| #define PACKAGE_TARNAME "filescanner"
| #define PACKAGE_VERSION "0.1"
| #define PACKAGE_STRING "filescanner 0.1"
| #define PACKAGE_BUGREPORT "jesse.wiley@viacom.com"
| #define PACKAGE_URL ""
| #define PACKAGE "filescanner"
| #define VERSION "0.1"
| #define HAVE_LIBSSL 1
| #define HAVE_LIBMAGIC 1
| #define HAVE_STDLIB_H 1
| #define HAVE_STRING 1
| #define HAVE_IOSTREAM 1
| #define HAVE_MAGIC_H 1
| #define HAVE_OPENSSL_SHA_H 1
| #define HAVE_UNISTD_H 1
| #define HAVE_STRING_H 1
| #define HAVE_ARPA_INET_H 1
| #define HAVE_FCNTL_H 1
| #define HAVE_NETDB_H 1
| #define HAVE_REGEX_H 1
| #define HAVE_NETINET_IN_H 1
| #define HAVE_SYS_MOUNT_H 1
| #define HAVE_SYS_SOCKET_H 1
| /* end confdefs.h.  */
| #include <stdio.h>
| #ifdef HAVE_SYS_TYPES_H
| # include <sys/types.h>
| #endif
| #ifdef HAVE_SYS_STAT_H
| # include <sys/stat.h>
| #endif
| #ifdef STDC_HEADERS
| # include <stdlib.h>
| # include <stddef.h>
| #else
| # ifdef HAVE_STDLIB_H
| #  include <stdlib.h>
| # endif
| #endif
| #ifdef HAVE_STRING_H
| # if !defined STDC_HEADERS && defined HAVE_MEMORY_H
| #  include <memory.h>
| # endif
| # include <string.h>
| #endif
| #ifdef HAVE_STRINGS_H
| # include <strings.h>
| #endif
| #ifdef HAVE_INTTYPES_H
| # include <inttypes.h>
| #endif
| #ifdef HAVE_STDINT_H
| # include <stdint.h>
| #endif
| #ifdef HAVE_UNISTD_H
| # include <unistd.h>
| #endif
| int
| main ()
| {
| if (sizeof (_Bool))
| 	 return 0;
|   ;
|   return 0;
| }
configure:4376: result: no
configure:4387: checking for size_t
configure:4387: g++ -c -g -O2  conftest.cpp >&5
configure:4387: $? = 0
configure:4387: g++ -c -g -O2  conftest.cpp >&5
conftest.cpp: In function 'int main()':
conftest.cpp:63: error: expected primary-expression before ')' token
configure:4387: $? = 1
configure: failed program was:
| /* confdefs.h */
| #define PACKAGE_NAME "filescanner"
| #define PACKAGE_TARNAME "filescanner"
| #define PACKAGE_VERSION "0.1"
| #define PACKAGE_STRING "filescanner 0.1"
| #define PACKAGE_BUGREPORT "jesse.wiley@viacom.com"
| #define PACKAGE_URL ""
| #define PACKAGE "filescanner"
| #define VERSION "0.1"
| #define HAVE_LIBSSL 1
| #define HAVE_LIBMAGIC 1
| #define HAVE_STDLIB_H 1
| #define HAVE_STRING 1
| #define HAVE_IOSTREAM 1
| #define HAVE_MAGIC_H 1
| #define HAVE_OPENSSL_SHA_H 1
| #define HAVE_UNISTD_H 1
| #define HAVE_STRING_H 1
| #define HAVE_ARPA_INET_H 1
| #define HAVE_FCNTL_H 1
| #define HAVE_NETDB_H 1
| #define HAVE_REGEX_H 1
| #define HAVE_NETINET_IN_H 1
| #define HAVE_SYS_MOUNT_H 1
| #define HAVE_SYS_SOCKET_H 1
| /* end confdefs.h.  */
| #include <stdio.h>
| #ifdef HAVE_SYS_TYPES_H
| # include <sys/types.h>
| #endif
| #ifdef HAVE_SYS_STAT_H
| # include <sys/stat.h>
| #endif
| #ifdef STDC_HEADERS
| # include <stdlib.h>
| # include <stddef.h>
| #else
| # ifdef HAVE_STDLIB_H
| #  include <stdlib.h>
| # endif
| #endif
| #ifdef HAVE_STRING_H
| # if !defined STDC_HEADERS && defined HAVE_MEMORY_H
| #  include <memory.h>
| # endif
| # include <string.h>
| #endif
| #ifdef HAVE_STRINGS_H
| # include <strings.h>
| #endif
| #ifdef HAVE_INTTYPES_H
| # include <inttypes.h>
| #endif
| #ifdef HAVE_STDINT_H
| # include <stdint.h>
| #endif
| #ifdef HAVE_UNISTD_H
| # include <unistd.h>
| #endif
| int
| main ()
| {
| if (sizeof ((size_t)))
| 	    return 0;
|   ;
|   return 0;
| }
configure:4387: result: yes
configure:4403: checking for getcwd
configure:4403: g++ -o conftest -g -O2   conftest.cpp -lmagic -lssl  >&5

## ---------------- ##
## Cache variables. ##
## ---------------- ##

ac_cv_cxx_compiler_gnu=yes
ac_cv_env_CCC_set=
ac_cv_env_CCC_value=
ac_cv_env_CPPFLAGS_set=
ac_cv_env_CPPFLAGS_value=
ac_cv_env_CXXCPP_set=
ac_cv_env_CXXCPP_value=
ac_cv_env_CXXFLAGS_set=
ac_cv_env_CXXFLAGS_value=
ac_cv_env_CXX_set=
ac_cv_env_CXX_value=
ac_cv_env_LDFLAGS_set=
ac_cv_env_LDFLAGS_value=
ac_cv_env_LIBS_set=
ac_cv_env_LIBS_value=
ac_cv_env_build_alias_set=
ac_cv_env_build_alias_value=
ac_cv_env_host_alias_set=
ac_cv_env_host_alias_value=
ac_cv_env_target_alias_set=
ac_cv_env_target_alias_value=
ac_cv_header_arpa_inet_h=yes
ac_cv_header_fcntl_h=yes
ac_cv_header_iostream=yes
ac_cv_header_magic_h=yes
ac_cv_header_netdb_h=yes
ac_cv_header_netinet_in_h=yes
ac_cv_header_openssl_sha_h=yes
ac_cv_header_regex_h=yes
ac_cv_header_stdbool_h=yes
ac_cv_header_stdc=no
ac_cv_header_stdlib_h=yes
ac_cv_header_string=yes
ac_cv_header_string_h=yes
ac_cv_header_sys_mount_h=yes
ac_cv_header_sys_socket_h=yes
ac_cv_header_unistd_h=yes
ac_cv_lib_magic_main=yes
ac_cv_lib_ssl_main=yes
ac_cv_objext=o
ac_cv_path_install='/usr/bin/install -c'
ac_cv_path_mkdir=/bin/mkdir
ac_cv_prog_AWK=gawk
ac_cv_prog_ac_ct_CXX=g++
ac_cv_prog_cxx_g=yes
ac_cv_prog_make_make_set=yes
ac_cv_type__Bool=no
ac_cv_type_size_t=yes
am_cv_CXX_dependencies_compiler_type=gcc3

## ----------------- ##
## Output variables. ##
## ----------------- ##

ACLOCAL='${SHELL} /root/file_scanner/missing --run aclocal-1.9'
AMDEPBACKSLASH='\'
AMDEP_FALSE='#'
AMDEP_TRUE=''
AMTAR='${SHELL} /root/file_scanner/missing --run tar'
AM_CXXFLAGS=''
AM_LDFLAGS=''
AUTOCONF='${SHELL} /root/file_scanner/missing --run autoconf'
AUTOHEADER='${SHELL} /root/file_scanner/missing --run autoheader'
AUTOMAKE='${SHELL} /root/file_scanner/missing --run automake-1.9'
AWK='gawk'
CPPFLAGS=''
CXX='g++'
CXXCPP=''
CXXDEPMODE='depmode=gcc3'
CXXFLAGS='-g -O2'
CYGPATH_W='echo'
DEFS=''
DEPDIR='.deps'
ECHO_C=''
ECHO_N='-n'
ECHO_T=''
EGREP=''
EXEEXT=''
GREP=''
INSTALL_DATA='${INSTALL} -m 644'
INSTALL_PROGRAM='${INSTALL}'
INSTALL_SCRIPT='${INSTALL}'
INSTALL_STRIP_PROGRAM='${SHELL} $(install_sh) -c -s'
LDFLAGS=''
LIBOBJS=''
LIBS='-lmagic -lssl '
LTLIBOBJS=''
MAKEINFO='${SHELL} /root/file_scanner/missing --run makeinfo'
MKDIR_P='/bin/mkdir -p'
OBJEXT='o'
PACKAGE='filescanner'
PACKAGE_BUGREPORT='jesse.wiley@viacom.com'
PACKAGE_NAME='filescanner'
PACKAGE_STRING='filescanner 0.1'
PACKAGE_TARNAME='filescanner'
PACKAGE_URL=''
PACKAGE_VERSION='0.1'
PATH_SEPARATOR=':'
SET_MAKE=''
SHELL='/bin/sh'
STRIP=''
VERSION='0.1'
ac_ct_CXX='g++'
am__fastdepCXX_FALSE='#'
am__fastdepCXX_TRUE=''
am__include='include'
am__leading_dot='.'
am__quote=''
am__tar='${AMTAR} chof - "$$tardir"'
am__untar='${AMTAR} xf -'
bindir='${exec_prefix}/bin'
build_alias=''
datadir='${datarootdir}'
datarootdir='${prefix}/share'
docdir='${datarootdir}/doc/${PACKAGE_TARNAME}'
dvidir='${docdir}'
exec_prefix='NONE'
host_alias=''
htmldir='${docdir}'
includedir='${prefix}/include'
infodir='${datarootdir}/info'
install_sh='/root/file_scanner/install-sh'
libdir='${exec_prefix}/lib'
libexecdir='${exec_prefix}/libexec'
localedir='${datarootdir}/locale'
localstatedir='${prefix}/var'
mandir='${datarootdir}/man'
mkdir_p='mkdir -p --'
oldincludedir='/usr/include'
pdfdir='${docdir}'
prefix='NONE'
program_transform_name='s,x,x,'
psdir='${docdir}'
sbindir='${exec_prefix}/sbin'
sharedstatedir='${prefix}/com'
sysconfdir='${prefix}/etc'
target_alias=''

## ----------- ##
## confdefs.h. ##
## ----------- ##

/* confdefs.h */
#define PACKAGE_NAME "filescanner"
#define PACKAGE_TARNAME "filescanner"
#define PACKAGE_VERSION "0.1"
#define PACKAGE_STRING "filescanner 0.1"
#define PACKAGE_BUGREPORT "jesse.wiley@viacom.com"
#define PACKAGE_URL ""
#define PACKAGE "filescanner"
#define VERSION "0.1"
#define HAVE_LIBSSL 1
#define HAVE_LIBMAGIC 1
#define HAVE_STDLIB_H 1
#define HAVE_STRING 1
#define HAVE_IOSTREAM 1
#define HAVE_MAGIC_H 1
#define HAVE_OPENSSL_SHA_H 1
#define HAVE_UNISTD_H 1
#define HAVE_STRING_H 1
#define HAVE_ARPA_INET_H 1
#define HAVE_FCNTL_H 1
#define HAVE_NETDB_H 1
#define HAVE_REGEX_H 1
#define HAVE_NETINET_IN_H 1
#define HAVE_SYS_MOUNT_H 1
#define HAVE_SYS_SOCKET_H 1

configure: caught signal 2
configure: exit 1
